[2025-08-27 16:19:17.381] [info]  Listening to 1 MessagePort(s) for renderer 5 (https://www.notion.so/quick-search)
[2025-08-27 16:19:17.752] [info]  Listening to 1 MessagePort(s) for renderer 7 (https://www.notion.so/blank)
[2025-08-27 16:19:22.538] [info]  Listening to 1 MessagePort(s) for renderer 3 (https://www.notion.so/?loadOrigin=new_tab&tabCount=0)
[2025-08-27 16:19:22.915] [info]  Disabling corruption repair
[2025-08-27 16:19:22.958] [info]  Disabling corruption repair
[2025-08-27 16:19:26.417] [info]  Disabling corruption repair
[2025-08-27 16:23:19.317] [info]  Listening to 1 MessagePort(s) for renderer 5 (https://www.notion.so/quick-search?loadOrigin=service_worker_change)
[2025-08-27 16:23:22.490] [info]  Listening to 1 MessagePort(s) for renderer 3 (https://www.notion.so/login?loadOrigin=service_worker_change)
[2025-08-27 16:23:26.498] [info]  Disabling corruption repair
[2025-08-27 16:23:27.886] [info]  Disabling corruption repair
[2025-08-27 16:23:42.349] [info]  Listening to 1 MessagePort(s) for renderer 7 (https://www.notion.so/blank?loadOrigin=service_worker_change)
[2025-08-27 16:23:47.172] [info]  Disabling corruption repair
[2025-08-27 16:25:16.515] [info]  Listening to 1 MessagePort(s) for renderer 7 (https://www.notion.so/oauth2callback?state=eyJjYWxsYmFja1R5cGUiOiJuYXRpdmVyZWRpcmVjdCIsImVuY3J5cHRlZFRva2VuIjoidjAyOmxvZ2luX3dpdGhfZ29vZ2xlOnVGTTA3MUliU29TY3luNjVIN29CeERuSWZpQWN3eWs0TGRYQTdoemFKTnZkV1JSTzVZcHgxRlYxSms4Zl9KS2RSUFpXNzh1Q2ZCRTZ3UUZxbkU3TUdDdlJsTk5YeU5CanZHWHB5NmZlOWtleTBobUFob3l0VUtYV0xZYnI1bDRfMlNsUiJ9&code=4%2F0AVMBsJghc1wwef-S18DRtO-S1tXmdkG3e2HefSVDGms6FU8Hk9uL83CCClIav0QLBDS8iA&scope=email%20profile%20https%3A%2F%2Fwww.googleapis.com%2Fauth%2Fuserinfo.profile%20https%3A%2F%2Fwww.googleapis.com%2Fauth%2Fuserinfo.email%20openid&authuser=1&prompt=consent&cs_completed=true&tid=5d36780d95b3488e9d639d9fa692cecc&di=88fbdbc1dc0e4c32875deaa57625ff61&loadOrigin=refresh_all_ipc&tabCount=2)
[2025-08-27 16:25:19.873] [info]  Listening to 1 MessagePort(s) for renderer 3 (https://www.notion.so/login?loadOrigin=refresh_all_ipc&tabCount=2)
[2025-08-27 16:25:20.931] [info]  Listening to 1 MessagePort(s) for renderer 5 (https://www.notion.so/quick-search)
[2025-08-27 16:25:21.059] [info]  Disabling corruption repair
[2025-08-27 16:25:21.067] [info]  Disabling corruption repair
[2025-08-27 16:25:30.554] [info]  Disabling corruption repair
[2025-08-27 16:25:30.953] [info]  Listening to 1 MessagePort(s) for renderer 8 (https://www.notion.so/blank)
[2025-08-27 16:25:42.707] [info]  Listening to 1 MessagePort(s) for renderer 5 (https://www.notion.so/quick-search)
[2025-08-27 16:25:46.386] [info]  Disabling corruption repair
[2025-08-27 16:25:48.275] [info]  Disabling corruption repair
[2025-08-27 16:26:23.972] [info]  Listening to 1 MessagePort(s) for renderer 3 (https://www.notion.so/onboarding?loadOrigin=refresh_active_tab_on_error&tabCount=2)
[2025-08-27 16:26:24.951] [info]  Disabling corruption repair
[2025-08-27 16:27:23.967] [info]  Listening to 1 MessagePort(s) for renderer 5 (https://www.notion.so/quick-search)
[2025-08-27 16:27:25.929] [info]  Disabling corruption repair
[2025-08-27 22:20:03.325] [info]  Listening to 1 MessagePort(s) for renderer 3 (https://www.notion.so/Weekly-To-do-List-25c232258f0080d4aa9be2f3b731f131?loadOrigin=new_tab_on_restore&tabCount=0)
[2025-08-27 22:20:04.001] [info]  Listening to 1 MessagePort(s) for renderer 5 (https://www.notion.so/quick-search)
[2025-08-27 22:20:04.010] [info]  Listening to 1 MessagePort(s) for renderer 7 (https://www.notion.so/blank)
[2025-08-27 22:20:09.544] [info]  Disabling corruption repair
[2025-08-27 22:20:09.545] [info]  Disabling corruption repair
[2025-08-27 22:20:09.547] [info]  Disabling corruption repair
[2025-08-27 22:23:18.337] [info]  Disabling corruption repair
[2025-08-27 22:23:23.221] [info]  Disabling corruption repair
[2025-08-27 22:34:12.727] [info]  Disabling corruption repair
[2025-08-27 22:34:17.745] [info]  Disabling corruption repair
[2025-08-27 22:35:32.732] [info]  Disabling corruption repair
[2025-08-27 22:35:43.404] [info]  Disabling corruption repair
[2025-08-27 22:35:57.723] [info]  Disabling corruption repair
[2025-08-27 22:36:48.172] [info]  Disabling corruption repair
[2025-08-27 22:38:02.760] [info]  Disabling corruption repair
[2025-08-27 22:38:08.136] [info]  Disabling corruption repair
[2025-08-27 22:44:52.855] [info]  Listening to 1 MessagePort(s) for renderer 5 (https://www.notion.so/quick-search)
[2025-08-27 22:44:53.126] [info]  Listening to 1 MessagePort(s) for renderer 3 (https://www.notion.so/Monthly-Budget-25c232258f0080119c2ddb07478577bf?loadOrigin=refresh_all_client_update&tabCount=1)
[2025-08-27 22:44:54.469] [info]  Disabling corruption repair
[2025-08-27 22:44:54.524] [info]  Disabling corruption repair
[2025-08-27 22:55:07.664] [info]  Listening to 1 MessagePort(s) for renderer 8 (https://www.notion.so/blank)
[2025-08-27 22:55:09.659] [info]  Disabling corruption repair
[2025-08-27 23:40:52.475] [info]  Disabling corruption repair
[2025-08-28 00:10:36.016] [info]  Disabling corruption repair
[2025-08-28 00:26:36.192] [info]  Listening to 1 MessagePort(s) for renderer 3 (https://www.notion.so/Productivity-OS-Dashboard-25c232258f0080049402febf51dfb0ea?loadOrigin=new_tab_on_restore&tabCount=0)
[2025-08-28 00:26:37.004] [info]  Listening to 1 MessagePort(s) for renderer 5 (https://www.notion.so/quick-search)
[2025-08-28 00:26:37.385] [info]  Listening to 1 MessagePort(s) for renderer 7 (https://www.notion.so/blank)
[2025-08-28 00:26:40.955] [info]  Disabling corruption repair
[2025-08-28 00:26:42.288] [info]  Disabling corruption repair
[2025-08-28 00:26:44.686] [info]  Disabling corruption repair
