[2025-08-27 16:19:15.101] [warn]  (window)               unresponsive {
  url: 'https://www.notion.so/?loadOrigin=new_tab&tabCount=0',
  stack: 'No stack trace available'
}
[2025-08-27 16:19:21.049] [warn]  (window)               responsive { url: 'https://www.notion.so/?loadOrigin=new_tab&tabCount=0' }
[2025-08-27 16:25:12.286] [error] (window)               did-fail-load {
  errorCode: -3,
  errorDescription: '',
  validatedURL: 'https://www.notion.so/login?loadOrigin=refresh_all_ipc&tabCount=2'
}
[2025-08-27 16:25:17.381] [error] (window)               did-fail-load {
  errorCode: -3,
  errorDescription: '',
  validatedURL: 'https://www.notion.so/quick-search'
}
[2025-08-27 16:25:19.797] [error] (window)               did-fail-load {
  errorCode: -3,
  errorDescription: '',
  validatedURL: 'https://www.notion.so/quick-search'
}
[2025-08-27 22:11:08.673] [warn]  (window)               destroyed
[2025-08-27 22:11:08.891] [warn]  (window)               destroyed
[2025-08-27 22:11:08.902] [warn]  (window)               destroyed
